<?xml version="1.0" encoding="UTF-8"?>
<!-- Generated by org.testng.reporters.JUnitReportReporter -->
<testsuite hostname="DESKTOP-LVDAH3M" failures="0" tests="1" name="rahulshettyacademy.ExtentReports.ExtentReportDemo" time="5.862" errors="0" timestamp="2023-01-08T17:52:43 IST" skipped="0">
  <testcase classname="rahulshettyacademy.ExtentReports.ExtentReportDemo" name="intialDemo" time="5.862"/>
  <system-out/>
</testsuite> <!-- rahulshettyacademy.ExtentReports.ExtentReportDemo -->
